M
P
BD16PLUSEX
0.00000
19.00000
0.00000,86.00000,1.00000
0.00000,0.00000
10.49842
10.49483
10.48418
10.46654
10.44193
10.41033
10.37172
10.32609
10.27340
10.21363
10.14681
10.07296
9.99214
9.90441
9.80988
9.70864
9.60077
9.48638
9.36556
9.23841
9.10502
8.96548
8.81989
8.66836
8.51100
8.34795
8.17933
8.00529
7.82597
7.64154
7.45215
7.25795
7.05910
6.85575
6.64807
6.43620
6.22030
6.00051
5.77700
5.54990
5.31934
5.08547
4.84840
4.60827
4.36523
4.11947
3.87124
3.62089
3.36893
3.11602
2.86305
2.61116
2.36176
2.11648
1.87722
1.64605
1.42512
1.21658
1.02246
0.84456
0.68430
0.54265
0.42006
0.31640
0.23099
0.16264
0.10972
0.07031
0.04227
0.02344
0.01170
0.00514
0.00210
0.00124
0.00151
0.00222
0.00291
0.00336
0.00349
0.00332
0.00292
0.00240
0.00182
0.00125
0.00071
0.00028
0.00000
87.00000,263.00000,1.00000
0.00000,0.00000
0.00000R
264.00000,359.00000,1.00000
0.00000,0.00000
0.00000
0.00037
0.00086
0.00142
0.00205
0.00273
0.00346
0.00422
0.00501
0.00579
0.00656
0.00729
0.00794
0.00850
0.00894
0.00924
0.00939
0.00940
0.00940
0.00944
0.00955
0.01014
0.01149
0.01407
0.01852
0.02565
0.03648
0.05228
0.07451
0.10488
0.14522
0.19745
0.26350
0.34511
0.44378
0.56061
0.69621
0.85062
1.02330
1.21314
1.41856
1.63757
1.86796
2.10738
2.35352
2.60423
2.85755
3.11185
3.36580
3.61835
3.86873
4.11639
4.36094
4.60210
4.83969
5.07357
5.30366
5.52989
5.75227
5.97083
6.18562
6.39673
6.60423
6.80817
7.00855
7.20532
7.39833
7.58738
7.77222
7.95255
8.12807
8.29851
8.46360
8.62312
8.77689
8.92477
9.06664
9.20240
9.33196
9.45522
9.57210
9.68250
9.78632
9.88345
9.97380
10.05727
10.13375
10.20314
10.26534
10.32027
10.36785
10.40803
10.44079
10.46616
10.48417
10.49489

M
P
264400IN
0.00000
18.85000
0.00000,86.00000,1.00000
0.00000,0.00000
10.16000
10.15674
10.14694
10.13063
10.10780
10.07848
10.04268
10.00042
9.95173
9.89664
9.83518
9.76739
9.69332
9.61301
9.52650
9.43387
9.33515
9.23043
9.11975
9.00320
8.88084
8.75276
8.61904
8.47976
8.33502
8.18490
8.02952
7.86896
7.70335
7.53278
7.35738
7.17726
6.99254
6.80335
6.60983
6.41211
6.21032
6.00461
5.79512
5.58202
5.36544
5.14556
4.92253
4.69652
4.46771
4.23626
4.00236
3.76620
3.52796
3.28785
3.04608
2.80290
2.55859
2.31351
2.06816
1.82326
1.57991
1.33983
1.10559
0.88108
0.67174
0.48401
0.32887
0.21225
0.13441
0.09528
0.07620
0.06289
0.05295
0.04562
0.04014
0.03583
0.03213
0.02864
0.02511
0.02147
0.01773
0.01401
0.01047
0.00731
0.00466
0.00264
0.00126
0.00046
0.00011
0.00001
0.00000
87.00000,273.00000,1.00000
0.00000,0.00000
0.00000R
274.00000,359.00000,1.00000
0.00000,0.00000
0.00000
0.00001
0.00011
0.00046
0.00126
0.00264
0.00466
0.00731
0.01047
0.01401
0.01773
0.02147
0.02511
0.02864
0.03213
0.03583
0.04014
0.04562
0.05295
0.06289
0.07620
0.09528
0.13449
0.21227
0.32905
0.48474
0.67174
0.88108
1.10559
1.33983
1.57991
1.82326
2.06816
2.31351
2.55859
2.80290
3.04608
3.28785
3.52796
3.76620
4.00236
4.23626
4.46771
4.69652
4.92253
5.14556
5.36544
5.58202
5.79512
6.00461
6.21032
6.41211
6.60983
6.80335
6.99254
7.17726
7.35738
7.53278
7.70335
7.86896
8.02952
8.18490
8.33502
8.47976
8.61904
8.75276
8.88084
9.00320
9.11975
9.23043
9.33515
9.43387
9.52650
9.61301
9.69332
9.76739
9.83518
9.89664
9.95173
10.00042
10.04268
10.07848
10.10780
10.13063
10.14694
10.15674

M
P
BD16PIN
0.00000
19.00000
0.00000,86.00000,1.00000
0.00000,0.00000
10.49842
10.49483
10.48418
10.46654
10.44193
10.41033
10.37172
10.32609
10.27340
10.21363
10.14681
10.07296
9.99214
9.90441
9.80988
9.70864
9.60077
9.48638
9.36556
9.23841
9.10502
8.96548
8.81989
8.66836
8.51100
8.34795
8.17933
8.00529
7.82597
7.64154
7.45215
7.25795
7.05910
6.85575
6.64807
6.43620
6.22030
6.00051
5.77700
5.54990
5.31934
5.08547
4.84840
4.60827
4.36523
4.11947
3.87124
3.62089
3.36893
3.11602
2.86305
2.61116
2.36176
2.11648
1.87722
1.64605
1.42512
1.21658
1.02246
0.84456
0.68430
0.54265
0.42006
0.31640
0.23099
0.16264
0.10972
0.07031
0.04227
0.02344
0.01170
0.00514
0.00210
0.00124
0.00151
0.00222
0.00291
0.00336
0.00349
0.00332
0.00292
0.00240
0.00182
0.00125
0.00071
0.00028
0.00000
87.00000,263.00000,1.00000
0.00000,0.00000
0.00000R
264.00000,359.00000,1.00000
0.00000,0.00000
0.00000
0.00037
0.00086
0.00142
0.00205
0.00273
0.00346
0.00422
0.00501
0.00579
0.00656
0.00729
0.00794
0.00850
0.00894
0.00924
0.00939
0.00940
0.00940
0.00944
0.00955
0.01014
0.01149
0.01407
0.01852
0.02565
0.03648
0.05228
0.07451
0.10488
0.14522
0.19745
0.26350
0.34511
0.44378
0.56061
0.69621
0.85062
1.02330
1.21314
1.41856
1.63757
1.86796
2.10738
2.35352
2.60423
2.85755
3.11185
3.36580
3.61835
3.86873
4.11639
4.36094
4.60210
4.83969
5.07357
5.30366
5.52989
5.75227
5.97083
6.18562
6.39673
6.60423
6.80817
7.00855
7.20532
7.39833
7.58738
7.77222
7.95255
8.12807
8.29851
8.46360
8.62312
8.77689
8.92477
9.06664
9.20240
9.33196
9.45522
9.57210
9.68250
9.78632
9.88345
9.97380
10.05727
10.13375
10.20314
10.26534
10.32027
10.36785
10.40803
10.44079
10.46616
10.48417
10.49489

M
S
BD16PLUSEX
0
8
 BD16PLUSEX,600.00000,326.00000,1
 BD16PLUSEX,40.40000,326.00000,1
 BD16PLUSEX,62.60000,236.00000,1
 BD16PLUSEX,40.00000,236.00000,1
 BD16PLUSEX,61.60000,56.00000,1
 BD16PLUSEX,39.80000,56.00000,1
 BD16PLUSEX,62.60000,146.00000,1
 BD16PLUSEX,39.60000,146.00000,1
M
S
264400IN
0
8
 264400IN,733.00000,109.00000,1
 264400IN,38.00000,109.00000,1
 264400IN,47.00000,19.00000,1
 264400IN,37.00000,19.00000,1
 264400IN,45.00000,199.00000,1
 264400IN,40.00000,199.00000,1
 264400IN,45.00000,289.00000,1
 264400IN,38.00000,289.00000,1
M
S
BD16PIN
0
8
 BD16PIN,656.50000,216.00000,1
 BD16PIN,40.40000,216.00000,1
 BD16PIN,62.60000,126.00000,1
 BD16PIN,40.00000,126.00000,1
 BD16PIN,61.60000,306.00000,1
 BD16PIN,39.80000,306.00000,1
 BD16PIN,62.60000,36.00000,1
 BD16PIN,39.60000,36.00000,1
M
W
BD16PLUSEX
1.22603
98.00000
0.00000,86.00000,1.00000
0.00000,0.00000
0.40816R
87.00000,180.00000,1.00000
0.00000,0.00000
0.40816
0.40839
0.40905
0.41016
0.41171
0.41370
0.41612
0.41898
0.42226
0.42597
0.43010
0.43463
0.43957
0.44491
0.45064
0.45674
0.46322
0.47006
0.47725
0.48478
0.49265
0.50082
0.50931
0.51808
0.52714
0.53646
0.54603
0.55584
0.56587
0.57611
0.58654
0.59714
0.60791
0.61882
0.62986
0.64102
0.65226
0.66359
0.67497
0.68640
0.69785
0.70932
0.72077
0.73220
0.74359
0.75492
0.76618
0.77734
0.78839
0.79931
0.81009
0.82071
0.83116
0.84142
0.85147
0.86130
0.87089
0.88023
0.88931
0.89811
0.90662
0.91482
0.92271
0.93027
0.93749
0.94436
0.95087
0.95701
0.96277
0.96814
0.97312
0.97769
0.98185
0.98559
0.98892
0.99181
0.99427
0.99630
0.99789
0.99903
0.99974
1.00000
1.00000
1.00000
1.00000
1.00000
1.00000
1.00000
1.00000
1.00000
1.00000
1.00000
1.00000
1.00000
181.00000,263.00000,1.00000
0.00000,0.00000
1.00000
1.00000
0.99974
0.99903
0.99789
0.99630
0.99427
0.99181
0.98892
0.98559
0.98185
0.97769
0.97312
0.96814
0.96277
0.95701
0.95087
0.94436
0.93749
0.93027
0.92271
0.91482
0.90662
0.89811
0.88931
0.88023
0.87089
0.86130
0.85147
0.84142
0.83116
0.82071
0.81009
0.79931
0.78839
0.77734
0.76618
0.75492
0.74359
0.73220
0.72077
0.70932
0.69785
0.68640
0.67497
0.66359
0.65226
0.64102
0.62986
0.61882
0.60791
0.59714
0.58654
0.57611
0.56587
0.55584
0.54603
0.53646
0.52714
0.51808
0.50931
0.50082
0.49265
0.48478
0.47725
0.47006
0.46322
0.45674
0.45064
0.44491
0.43957
0.43463
0.43010
0.42597
0.42226
0.41898
0.41612
0.41370
0.41171
0.41016
0.40905
0.40839
0.40816
264.00000,359.00000,1.00000
0.00000,0.00000
0.40816R

M
W
264400IN
1.01412
98.00000
0.00000,86.00000,1.00000
0.00000,0.00000
0.51020R
87.00000,180.00000,1.00000
0.00000,0.00000
0.51020
0.51037
0.51089
0.51174
0.51293
0.51446
0.51632
0.51852
0.52105
0.52390
0.52708
0.53057
0.53438
0.53849
0.54291
0.54762
0.55262
0.55791
0.56347
0.56929
0.57538
0.58171
0.58829
0.59510
0.60213
0.60938
0.61683
0.62447
0.63229
0.64029
0.64844
0.65675
0.66519
0.67376
0.68244
0.69122
0.70009
0.70903
0.71804
0.72711
0.73621
0.74534
0.75448
0.76362
0.77275
0.78186
0.79093
0.79995
0.80890
0.81778
0.82658
0.83527
0.84386
0.85231
0.86064
0.86881
0.87683
0.88468
0.89235
0.89982
0.90710
0.91416
0.92100
0.92761
0.93398
0.94010
0.94596
0.95155
0.95688
0.96192
0.96667
0.97113
0.97528
0.97913
0.98267
0.98589
0.98879
0.99136
0.99360
0.99551
0.99709
0.99832
0.99922
0.99978
1.00000
1.00000
1.00000
1.00000
1.00000
1.00000
1.00000
1.00000
1.00000
1.00000
181.00000,273.00000,1.00000
0.00000,0.00000
1.00000
1.00000
1.00000
1.00000
1.00000
1.00000
1.00000
1.00000
1.00000
0.99978
0.99922
0.99832
0.99709
0.99551
0.99360
0.99136
0.98879
0.98589
0.98267
0.97913
0.97528
0.97113
0.96667
0.96192
0.95688
0.95155
0.94596
0.94010
0.93398
0.92761
0.92100
0.91416
0.90710
0.89982
0.89235
0.88468
0.87683
0.86881
0.86064
0.85231
0.84386
0.83527
0.82658
0.81778
0.80890
0.79995
0.79093
0.78186
0.77275
0.76362
0.75448
0.74534
0.73621
0.72711
0.71804
0.70903
0.70009
0.69122
0.68244
0.67376
0.66519
0.65675
0.64844
0.64029
0.63229
0.62447
0.61683
0.60938
0.60213
0.59510
0.58829
0.58171
0.57538
0.56929
0.56347
0.55791
0.55262
0.54762
0.54291
0.53849
0.53438
0.53057
0.52708
0.52390
0.52105
0.51852
0.51632
0.51446
0.51293
0.51174
0.51089
0.51037
0.51020
274.00000,359.00000,1.00000
0.00000,0.00000
0.51020R

M
W
BD16PIN
1.22603
98.00000
0.00000,86.00000,1.00000
0.00000,0.00000
0.40816R
87.00000,180.00000,1.00000
0.00000,0.00000
0.40816
0.40839
0.40905
0.41016
0.41171
0.41370
0.41612
0.41898
0.42226
0.42597
0.43010
0.43463
0.43957
0.44491
0.45064
0.45674
0.46322
0.47006
0.47725
0.48478
0.49265
0.50082
0.50931
0.51808
0.52714
0.53646
0.54603
0.55584
0.56587
0.57611
0.58654
0.59714
0.60791
0.61882
0.62986
0.64102
0.65226
0.66359
0.67497
0.68640
0.69785
0.70932
0.72077
0.73220
0.74359
0.75492
0.76618
0.77734
0.78839
0.79931
0.81009
0.82071
0.83116
0.84142
0.85147
0.86130
0.87089
0.88023
0.88931
0.89811
0.90662
0.91482
0.92271
0.93027
0.93749
0.94436
0.95087
0.95701
0.96277
0.96814
0.97312
0.97769
0.98185
0.98559
0.98892
0.99181
0.99427
0.99630
0.99789
0.99903
0.99974
1.00000
1.00000
1.00000
1.00000
1.00000
1.00000
1.00000
1.00000
1.00000
1.00000
1.00000
1.00000
1.00000
181.00000,263.00000,1.00000
0.00000,0.00000
1.00000
1.00000
0.99974
0.99903
0.99789
0.99630
0.99427
0.99181
0.98892
0.98559
0.98185
0.97769
0.97312
0.96814
0.96277
0.95701
0.95087
0.94436
0.93749
0.93027
0.92271
0.91482
0.90662
0.89811
0.88931
0.88023
0.87089
0.86130
0.85147
0.84142
0.83116
0.82071
0.81009
0.79931
0.78839
0.77734
0.76618
0.75492
0.74359
0.73220
0.72077
0.70932
0.69785
0.68640
0.67497
0.66359
0.65226
0.64102
0.62986
0.61882
0.60791
0.59714
0.58654
0.57611
0.56587
0.55584
0.54603
0.53646
0.52714
0.51808
0.50931
0.50082
0.49265
0.48478
0.47725
0.47006
0.46322
0.45674
0.45064
0.44491
0.43957
0.43463
0.43010
0.42597
0.42226
0.41898
0.41612
0.41370
0.41171
0.41016
0.40905
0.40839
0.40816
264.00000,359.00000,1.00000
0.00000,0.00000
0.40816R

E
